<?xml version="1.0" encoding="UTF-8"?>
<testng-results ignored="0" total="1" passed="1" failed="0" skipped="0">
  <reporter-output>
  </reporter-output>
  <suite started-at="2019-08-14T18:44:18Z" name="Default suite" finished-at="2019-08-14T18:44:41Z" duration-ms="22331">
    <groups>
    </groups>
    <test started-at="2019-08-14T18:44:18Z" name="Default test" finished-at="2019-08-14T18:44:41Z" duration-ms="22331">
      <class name="com.qa.testcases.CartPageTest">
        <test-method is-config="true" signature="setUp()[pri:0, instance:com.qa.testcases.CartPageTest@6b4a4e18]" started-at="2019-08-14T18:44:18Z" name="setUp" finished-at="2019-08-14T18:44:39Z" duration-ms="20308" status="PASS">
          <reporter-output>
          </reporter-output>
        </test-method> <!-- setUp -->
        <test-method signature="testAddIcon()[pri:1, instance:com.qa.testcases.CartPageTest@6b4a4e18]" started-at="2019-08-14T18:44:39Z" name="testAddIcon" finished-at="2019-08-14T18:44:40Z" duration-ms="1206" status="PASS">
          <reporter-output>
          </reporter-output>
        </test-method> <!-- testAddIcon -->
        <test-method is-config="true" signature="tearDown()[pri:0, instance:com.qa.testcases.CartPageTest@6b4a4e18]" started-at="2019-08-14T18:44:40Z" name="tearDown" finished-at="2019-08-14T18:44:41Z" duration-ms="794" status="PASS">
          <reporter-output>
          </reporter-output>
        </test-method> <!-- tearDown -->
      </class> <!-- com.qa.testcases.CartPageTest -->
    </test> <!-- Default test -->
  </suite> <!-- Default suite -->
</testng-results>
